<?xml version="1.0" encoding="utf-8"?>
<TestRun id="ab802343-a471-43f3-b851-57d2be62ef9c" name="user@LAPTOP-FNR127FP 2025-07-17 22:29:49" runUser="LAPTOP-FNR127FP\user" xmlns="http://microsoft.com/schemas/VisualStudio/TeamTest/2010">
  <Times creation="2025-07-17T22:29:49.3416353+05:30" queuing="2025-07-17T22:29:49.3416355+05:30" start="2025-07-17T22:29:47.4223213+05:30" finish="2025-07-17T22:29:49.4794659+05:30" />
  <TestSettings name="default" id="d59b30ad-dc69-4773-a6cd-1900c4878c30">
    <Deployment runDeploymentRoot="user_LAPTOP-FNR127FP_2025-07-17_22_29_49" />
  </TestSettings>
  <Results>
    <UnitTestResult executionId="e247b985-4341-4aed-ad64-ee9b2ce11440" testId="0b11c20e-a558-a55d-a16b-c4d251228829" testName="User can reactivate their subscription" computerName="LAPTOP-FNR127FP" duration="00:00:00.0025713" startTime="2025-07-17T22:29:49.3428211+05:30" endTime="2025-07-17T22:29:49.3428216+05:30" testType="13cdc9d9-ddb5-4fa4-a97d-d965ccfc6d4b" outcome="Passed" testListId="8c84fa94-04c1-424b-9868-57a2d4851a1d" relativeResultsDirectory="e247b985-4341-4aed-ad64-ee9b2ce11440" />
    <UnitTestResult executionId="06f46bc0-dbf8-40ec-b370-971fff6e9069" testId="d789586b-b221-eb51-5345-c3cad03a1746" testName="GetConsultationByIdAsync throws NotImplementedException" computerName="LAPTOP-FNR127FP" duration="00:00:00.0012126" startTime="2025-07-17T22:29:49.2760900+05:30" endTime="2025-07-17T22:29:49.2760900+05:30" testType="13cdc9d9-ddb5-4fa4-a97d-d965ccfc6d4b" outcome="Passed" testListId="8c84fa94-04c1-424b-9868-57a2d4851a1d" relativeResultsDirectory="06f46bc0-dbf8-40ec-b370-971fff6e9069" />
    <UnitTestResult executionId="c9d7bc5b-f34f-4cdc-9e53-2ff139a0c0fb" testId="f58325d2-7b54-998c-4db5-aaf33bfa03d6" testName="Cannot subscribe to a nonexistent plan" computerName="LAPTOP-FNR127FP" duration="00:00:00.0034419" startTime="2025-07-17T22:29:49.3045328+05:30" endTime="2025-07-17T22:29:49.3045335+05:30" testType="13cdc9d9-ddb5-4fa4-a97d-d965ccfc6d4b" outcome="Passed" testListId="8c84fa94-04c1-424b-9868-57a2d4851a1d" relativeResultsDirectory="c9d7bc5b-f34f-4cdc-9e53-2ff139a0c0fb" />
    <UnitTestResult executionId="9e6fdac8-0721-469b-b07c-0548e13b5a47" testId="45ab5d63-27b5-366e-2595-de113b8609f6" testName="CancelConsultationAsync throws NotImplementedException" computerName="LAPTOP-FNR127FP" duration="00:00:00.0012851" startTime="2025-07-17T22:29:49.2787285+05:30" endTime="2025-07-17T22:29:49.2787286+05:30" testType="13cdc9d9-ddb5-4fa4-a97d-d965ccfc6d4b" outcome="Passed" testListId="8c84fa94-04c1-424b-9868-57a2d4851a1d" relativeResultsDirectory="9e6fdac8-0721-469b-b07c-0548e13b5a47" />
    <UnitTestResult executionId="3b599436-e2f9-4567-86c3-a45186cda4fd" testId="8fb7a0ee-30a6-caeb-bf9a-aa91ba27aadd" testName="User can view all active plans" computerName="LAPTOP-FNR127FP" duration="00:00:00.0014175" startTime="2025-07-17T22:29:49.3773994+05:30" endTime="2025-07-17T22:29:49.3773996+05:30" testType="13cdc9d9-ddb5-4fa4-a97d-d965ccfc6d4b" outcome="Passed" testListId="8c84fa94-04c1-424b-9868-57a2d4851a1d" relativeResultsDirectory="3b599436-e2f9-4567-86c3-a45186cda4fd" />
    <UnitTestResult executionId="9671b6b2-b6fc-4033-acfb-e52667d2e9d7" testId="7270d5b4-a86a-8a1d-fa11-7e52126b2f37" testName="CreatePaymentMethodAsync throws on invalid input" computerName="LAPTOP-FNR127FP" duration="00:00:00.0028067" startTime="2025-07-17T22:29:49.2757294+05:30" endTime="2025-07-17T22:29:49.2757295+05:30" testType="13cdc9d9-ddb5-4fa4-a97d-d965ccfc6d4b" outcome="Passed" testListId="8c84fa94-04c1-424b-9868-57a2d4851a1d" relativeResultsDirectory="9671b6b2-b6fc-4033-acfb-e52667d2e9d7" />
    <UnitTestResult executionId="3171359a-d2b3-4bea-af2d-7c98ce488a94" testId="ef7be729-2889-04cf-3600-7dbc45c7c7b9" testName="UpdateConsultationAsync throws NotImplementedException" computerName="LAPTOP-FNR127FP" duration="00:00:00.0008824" startTime="2025-07-17T22:29:49.2785560+05:30" endTime="2025-07-17T22:29:49.2785561+05:30" testType="13cdc9d9-ddb5-4fa4-a97d-d965ccfc6d4b" outcome="Passed" testListId="8c84fa94-04c1-424b-9868-57a2d4851a1d" relativeResultsDirectory="3171359a-d2b3-4bea-af2d-7c98ce488a94" />
    <UnitTestResult executionId="89535099-4b46-4c28-91f9-4fe54e0f913b" testId="9027c7a4-9b44-0727-7417-e3e78abcf917" testName="User can get plan by ID" computerName="LAPTOP-FNR127FP" duration="00:00:00.0037822" startTime="2025-07-17T22:29:49.3401258+05:30" endTime="2025-07-17T22:29:49.3401261+05:30" testType="13cdc9d9-ddb5-4fa4-a97d-d965ccfc6d4b" outcome="Passed" testListId="8c84fa94-04c1-424b-9868-57a2d4851a1d" relativeResultsDirectory="89535099-4b46-4c28-91f9-4fe54e0f913b" />
    <UnitTestResult executionId="3bd32c39-2e01-4b10-a7e7-7091e0528cdf" testId="a8e6a116-34aa-1248-72fd-840ba80420c4" testName="Admin can deactivate plan and pause all subscribers" computerName="LAPTOP-FNR127FP" duration="00:00:00.3853069" startTime="2025-07-17T22:29:49.1613253+05:30" endTime="2025-07-17T22:29:49.1613255+05:30" testType="13cdc9d9-ddb5-4fa4-a97d-d965ccfc6d4b" outcome="Passed" testListId="8c84fa94-04c1-424b-9868-57a2d4851a1d" relativeResultsDirectory="3bd32c39-2e01-4b10-a7e7-7091e0528cdf" />
    <UnitTestResult executionId="07e29172-3a04-4551-b3bb-36332b823506" testId="8f7d1f05-821d-32d3-a73e-b2a10c39e885" testName="Webhook payment failure event is handled gracefully" computerName="LAPTOP-FNR127FP" duration="00:00:00.0020156" startTime="2025-07-17T22:29:49.3722143+05:30" endTime="2025-07-17T22:29:49.3722145+05:30" testType="13cdc9d9-ddb5-4fa4-a97d-d965ccfc6d4b" outcome="Passed" testListId="8c84fa94-04c1-424b-9868-57a2d4851a1d" relativeResultsDirectory="07e29172-3a04-4551-b3bb-36332b823506" />
    <UnitTestResult executionId="46a09c85-cf77-486f-8330-6318a7111e54" testId="0cd27912-957c-55af-c5ce-43912861512f" testName="Admin can view all subscriptions" computerName="LAPTOP-FNR127FP" duration="00:00:00.0013010" startTime="2025-07-17T22:29:49.3736283+05:30" endTime="2025-07-17T22:29:49.3736285+05:30" testType="13cdc9d9-ddb5-4fa4-a97d-d965ccfc6d4b" outcome="Passed" testListId="8c84fa94-04c1-424b-9868-57a2d4851a1d" relativeResultsDirectory="46a09c85-cf77-486f-8330-6318a7111e54" />
    <UnitTestResult executionId="e0953f8f-10c8-48a5-92ba-fb1a6a85688a" testId="95a97f9e-7b9d-d41e-bf02-53922bbcdaea" testName="GetUserOneTimeConsultationsAsync returns error on exception" computerName="LAPTOP-FNR127FP" duration="00:00:00.0584836" startTime="2025-07-17T22:29:49.2759865+05:30" endTime="2025-07-17T22:29:49.2759866+05:30" testType="13cdc9d9-ddb5-4fa4-a97d-d965ccfc6d4b" outcome="Passed" testListId="8c84fa94-04c1-424b-9868-57a2d4851a1d" relativeResultsDirectory="e0953f8f-10c8-48a5-92ba-fb1a6a85688a" />
    <UnitTestResult executionId="f3df7687-0370-48c3-8f6d-a9b269a5d856" testId="0d6a04b6-11ee-74bb-2c2b-0e86aff92187" testName="ProcessRefundAsync throws on error" computerName="LAPTOP-FNR127FP" duration="00:00:00.0187965" startTime="2025-07-17T22:29:49.1818398+05:30" endTime="2025-07-17T22:29:49.1818407+05:30" testType="13cdc9d9-ddb5-4fa4-a97d-d965ccfc6d4b" outcome="Passed" testListId="8c84fa94-04c1-424b-9868-57a2d4851a1d" relativeResultsDirectory="f3df7687-0370-48c3-8f6d-a9b269a5d856" />
    <UnitTestResult executionId="21ec82cc-12d8-4ee2-8531-89ebe00f93cf" testId="73b593e9-47a3-ba0d-1f67-570ae412f038" testName="User can view their payment methods" computerName="LAPTOP-FNR127FP" duration="00:00:00.0295380" startTime="2025-07-17T22:29:49.2826502+05:30" endTime="2025-07-17T22:29:49.2826506+05:30" testType="13cdc9d9-ddb5-4fa4-a97d-d965ccfc6d4b" outcome="Passed" testListId="8c84fa94-04c1-424b-9868-57a2d4851a1d" relativeResultsDirectory="21ec82cc-12d8-4ee2-8531-89ebe00f93cf" />
    <UnitTestResult executionId="dc5c0ad4-8be3-48de-bccf-8deb84e71667" testId="037defa5-8053-ebc1-7561-75084b1c0ffc" testName="User can pause and resume their subscription" computerName="LAPTOP-FNR127FP" duration="00:00:00.0035182" startTime="2025-07-17T22:29:49.3700930+05:30" endTime="2025-07-17T22:29:49.3700938+05:30" testType="13cdc9d9-ddb5-4fa4-a97d-d965ccfc6d4b" outcome="Passed" testListId="8c84fa94-04c1-424b-9868-57a2d4851a1d" relativeResultsDirectory="dc5c0ad4-8be3-48de-bccf-8deb84e71667" />
    <UnitTestResult executionId="f70df865-bc8a-4b27-a169-23baddc5260d" testId="a59cfa31-8f01-7397-7ed3-97901dccb0a8" testName="Admin can create a new subscription plan" computerName="LAPTOP-FNR127FP" duration="00:00:00.0183742" startTime="2025-07-17T22:29:49.3009073+05:30" endTime="2025-07-17T22:29:49.3009077+05:30" testType="13cdc9d9-ddb5-4fa4-a97d-d965ccfc6d4b" outcome="Passed" testListId="8c84fa94-04c1-424b-9868-57a2d4851a1d" relativeResultsDirectory="f70df865-bc8a-4b27-a169-23baddc5260d" />
    <UnitTestResult executionId="d6dbf7ff-e24b-47b2-851b-53bd5e68d4cf" testId="157d8b60-a00e-4c66-3fcd-79fe4a7834cc" testName="User can cancel their subscription" computerName="LAPTOP-FNR127FP" duration="00:00:00.0470112" startTime="2025-07-17T22:29:49.2755023+05:30" endTime="2025-07-17T22:29:49.2755024+05:30" testType="13cdc9d9-ddb5-4fa4-a97d-d965ccfc6d4b" outcome="Passed" testListId="8c84fa94-04c1-424b-9868-57a2d4851a1d" relativeResultsDirectory="d6dbf7ff-e24b-47b2-851b-53bd5e68d4cf" />
    <UnitTestResult executionId="33c990ca-10ad-40b7-a14e-bdab4d98336f" testId="82065872-8909-8f1a-c75a-87f537efb5b3" testName="User can add a payment method" computerName="LAPTOP-FNR127FP" duration="00:00:00.0068405" startTime="2025-07-17T22:29:49.3295433+05:30" endTime="2025-07-17T22:29:49.3295441+05:30" testType="13cdc9d9-ddb5-4fa4-a97d-d965ccfc6d4b" outcome="Passed" testListId="8c84fa94-04c1-424b-9868-57a2d4851a1d" relativeResultsDirectory="33c990ca-10ad-40b7-a14e-bdab4d98336f" />
    <UnitTestResult executionId="3500c625-fc29-48b7-bb2c-302b38aa701f" testId="156e7562-7c42-3679-df04-524e0a5b78d8" testName="Cannot upgrade to the same plan" computerName="LAPTOP-FNR127FP" duration="00:00:00.0062569" startTime="2025-07-17T22:29:49.3530650+05:30" endTime="2025-07-17T22:29:49.3530652+05:30" testType="13cdc9d9-ddb5-4fa4-a97d-d965ccfc6d4b" outcome="Passed" testListId="8c84fa94-04c1-424b-9868-57a2d4851a1d" relativeResultsDirectory="3500c625-fc29-48b7-bb2c-302b38aa701f" />
    <UnitTestResult executionId="4e349472-3938-436c-9058-9bfcef9bb6c7" testId="8b3cdf2d-30dc-62bd-5ac5-7ccf63f62287" testName="User can subscribe to a plan" computerName="LAPTOP-FNR127FP" duration="00:00:00.0023990" startTime="2025-07-17T22:29:49.3070298+05:30" endTime="2025-07-17T22:29:49.3070301+05:30" testType="13cdc9d9-ddb5-4fa4-a97d-d965ccfc6d4b" outcome="Passed" testListId="8c84fa94-04c1-424b-9868-57a2d4851a1d" relativeResultsDirectory="4e349472-3938-436c-9058-9bfcef9bb6c7" />
    <UnitTestResult executionId="9ca64056-ac70-4d27-8648-f07f47180274" testId="0abf5154-43a2-73e2-ff74-d59ffc0c5daa" testName="User can get their subscriptions" computerName="LAPTOP-FNR127FP" duration="00:00:00.0035347" startTime="2025-07-17T22:29:49.3466382+05:30" endTime="2025-07-17T22:29:49.3466387+05:30" testType="13cdc9d9-ddb5-4fa4-a97d-d965ccfc6d4b" outcome="Passed" testListId="8c84fa94-04c1-424b-9868-57a2d4851a1d" relativeResultsDirectory="9ca64056-ac70-4d27-8648-f07f47180274" />
    <UnitTestResult executionId="528a00e0-e4a8-42d9-aada-3e40e4b1435d" testId="436cb11c-41ba-7262-79bb-022ec956c8fe" testName="Can enforce usage limits and block overuse" computerName="LAPTOP-FNR127FP" duration="00:00:00.0021329" startTime="2025-07-17T22:29:49.3758824+05:30" endTime="2025-07-17T22:29:49.3758826+05:30" testType="13cdc9d9-ddb5-4fa4-a97d-d965ccfc6d4b" outcome="Passed" testListId="8c84fa94-04c1-424b-9868-57a2d4851a1d" relativeResultsDirectory="528a00e0-e4a8-42d9-aada-3e40e4b1435d" />
    <UnitTestResult executionId="f8ebda2d-aee3-4129-8385-a58f008e8a83" testId="dc70870c-efd7-024b-927c-eb13eb5f718c" testName="Cannot resume non-paused subscription" computerName="LAPTOP-FNR127FP" duration="00:00:00.0057205" startTime="2025-07-17T22:29:49.3175594+05:30" endTime="2025-07-17T22:29:49.3175600+05:30" testType="13cdc9d9-ddb5-4fa4-a97d-d965ccfc6d4b" outcome="Passed" testListId="8c84fa94-04c1-424b-9868-57a2d4851a1d" relativeResultsDirectory="f8ebda2d-aee3-4129-8385-a58f008e8a83" />
    <UnitTestResult executionId="290c9b80-9c24-4c0f-b11c-6766489ee607" testId="e2078127-ea68-f430-b358-b00ca9e24d27" testName="DeleteConsultationAsync throws NotImplementedException" computerName="LAPTOP-FNR127FP" duration="00:00:00.0009304" startTime="2025-07-17T22:29:49.2788113+05:30" endTime="2025-07-17T22:29:49.2788114+05:30" testType="13cdc9d9-ddb5-4fa4-a97d-d965ccfc6d4b" outcome="Passed" testListId="8c84fa94-04c1-424b-9868-57a2d4851a1d" relativeResultsDirectory="290c9b80-9c24-4c0f-b11c-6766489ee607" />
    <UnitTestResult executionId="0d798a83-07b6-463a-aa42-10df0f9ef7b8" testId="efc662a1-2cc4-c5fb-e4fb-294d2b439277" testName="ProcessPaymentAsync throws on Stripe error" computerName="LAPTOP-FNR127FP" duration="00:00:00.0059033" startTime="2025-07-17T22:29:49.2753780+05:30" endTime="2025-07-17T22:29:49.2753781+05:30" testType="13cdc9d9-ddb5-4fa4-a97d-d965ccfc6d4b" outcome="Passed" testListId="8c84fa94-04c1-424b-9868-57a2d4851a1d" relativeResultsDirectory="0d798a83-07b6-463a-aa42-10df0f9ef7b8" />
    <UnitTestResult executionId="2f2c5340-ddec-4c76-88b7-202c1df3870e" testId="ec179e2b-ea35-84f6-3013-80aacc88eeb7" testName="User can upgrade their subscription plan" computerName="LAPTOP-FNR127FP" duration="00:00:00.0029583" startTime="2025-07-17T22:29:49.3621159+05:30" endTime="2025-07-17T22:29:49.3621163+05:30" testType="13cdc9d9-ddb5-4fa4-a97d-d965ccfc6d4b" outcome="Passed" testListId="8c84fa94-04c1-424b-9868-57a2d4851a1d" relativeResultsDirectory="2f2c5340-ddec-4c76-88b7-202c1df3870e" />
    <UnitTestResult executionId="ec857b41-3c99-4fe7-9361-536c943e71d7" testId="982fd4b2-ece7-4654-2cb4-6c65b0214a0e" testName="Payment failure updates subscription and notifies user" computerName="LAPTOP-FNR127FP" duration="00:00:00.0039690" startTime="2025-07-17T22:29:49.3571766+05:30" endTime="2025-07-17T22:29:49.3571769+05:30" testType="13cdc9d9-ddb5-4fa4-a97d-d965ccfc6d4b" outcome="Passed" testListId="8c84fa94-04c1-424b-9868-57a2d4851a1d" relativeResultsDirectory="ec857b41-3c99-4fe7-9361-536c943e71d7" />
    <UnitTestResult executionId="c70d60d6-189f-4232-9e7f-1f564379cf3f" testId="dc956e10-1c48-51da-6aa0-be74b7be3ebf" testName="CreatePaymentMethodAsync returns payment method ID successfully" computerName="LAPTOP-FNR127FP" duration="00:00:00.3713720" startTime="2025-07-17T22:29:49.1535067+05:30" endTime="2025-07-17T22:29:49.1535852+05:30" testType="13cdc9d9-ddb5-4fa4-a97d-d965ccfc6d4b" outcome="Passed" testListId="8c84fa94-04c1-424b-9868-57a2d4851a1d" relativeResultsDirectory="c70d60d6-189f-4232-9e7f-1f564379cf3f" />
    <UnitTestResult executionId="31e22aa4-8c82-42d4-b8c3-c498d60ebed6" testId="a74b66ba-365e-b5ca-e576-bcf987171264" testName="User can get subscription by ID" computerName="LAPTOP-FNR127FP" duration="00:00:00.0044161" startTime="2025-07-17T22:29:49.3115975+05:30" endTime="2025-07-17T22:29:49.3115979+05:30" testType="13cdc9d9-ddb5-4fa4-a97d-d965ccfc6d4b" outcome="Passed" testListId="8c84fa94-04c1-424b-9868-57a2d4851a1d" relativeResultsDirectory="31e22aa4-8c82-42d4-b8c3-c498d60ebed6" />
    <UnitTestResult executionId="b19c9ebd-8c53-4308-8c83-5387483757a8" testId="fe3dd812-c5c7-accf-1d3e-18ebd3b5411c" testName="CreateConsultationAsync throws NotImplementedException" computerName="LAPTOP-FNR127FP" duration="00:00:00.4203808" startTime="2025-07-17T22:29:49.1887056+05:30" endTime="2025-07-17T22:29:49.1887063+05:30" testType="13cdc9d9-ddb5-4fa4-a97d-d965ccfc6d4b" outcome="Passed" testListId="8c84fa94-04c1-424b-9868-57a2d4851a1d" relativeResultsDirectory="b19c9ebd-8c53-4308-8c83-5387483757a8" />
    <UnitTestResult executionId="bd1e774f-fd22-41e7-a365-1fac160a7803" testId="44c02df3-ff93-856a-6848-5bf9699f365c" testName="ProcessRefundAsync returns true on success" computerName="LAPTOP-FNR127FP" duration="00:00:00.0053927" startTime="2025-07-17T22:29:49.2750227+05:30" endTime="2025-07-17T22:29:49.2750229+05:30" testType="13cdc9d9-ddb5-4fa4-a97d-d965ccfc6d4b" outcome="Passed" testListId="8c84fa94-04c1-424b-9868-57a2d4851a1d" relativeResultsDirectory="bd1e774f-fd22-41e7-a365-1fac160a7803" />
    <UnitTestResult executionId="8b0cfbcf-ec2d-4f73-ab63-3baf60c3756e" testId="d0b4c581-dfe1-e2a6-2333-f12c069f1147" testName="StartConsultationAsync throws NotImplementedException" computerName="LAPTOP-FNR127FP" duration="00:00:00.0026051" startTime="2025-07-17T22:29:49.1915585+05:30" endTime="2025-07-17T22:29:49.1915592+05:30" testType="13cdc9d9-ddb5-4fa4-a97d-d965ccfc6d4b" outcome="Passed" testListId="8c84fa94-04c1-424b-9868-57a2d4851a1d" relativeResultsDirectory="8b0cfbcf-ec2d-4f73-ab63-3baf60c3756e" />
    <UnitTestResult executionId="f971ffc7-13d5-4131-8784-c1dc74a11453" testId="7c66ee20-43f5-1cbf-c002-ad29dfa5e8b5" testName="Analytics returns correct subscription stats" computerName="LAPTOP-FNR127FP" duration="00:00:00.0479753" startTime="2025-07-17T22:29:49.2758819+05:30" endTime="2025-07-17T22:29:49.2758820+05:30" testType="13cdc9d9-ddb5-4fa4-a97d-d965ccfc6d4b" outcome="Passed" testListId="8c84fa94-04c1-424b-9868-57a2d4851a1d" relativeResultsDirectory="f971ffc7-13d5-4131-8784-c1dc74a11453" />
    <UnitTestResult executionId="b6e89407-81bb-4b41-a447-f417f6cac241" testId="a70d3407-8e83-6caf-dd99-a402028e3101" testName="Cannot pause already paused subscription" computerName="LAPTOP-FNR127FP" duration="00:00:00.0032585" startTime="2025-07-17T22:29:49.2783627+05:30" endTime="2025-07-17T22:29:49.2783629+05:30" testType="13cdc9d9-ddb5-4fa4-a97d-d965ccfc6d4b" outcome="Passed" testListId="8c84fa94-04c1-424b-9868-57a2d4851a1d" relativeResultsDirectory="b6e89407-81bb-4b41-a447-f417f6cac241" />
    <UnitTestResult executionId="0e4c40de-c8b6-4cf0-96af-e10c4a3d1bd9" testId="51ab31d0-67f2-0b81-9295-e7fe742b13bc" testName="CreateCustomerAsync returns customer ID successfully" computerName="LAPTOP-FNR127FP" duration="00:00:00.0053668" startTime="2025-07-17T22:29:49.1872066+05:30" endTime="2025-07-17T22:29:49.1872079+05:30" testType="13cdc9d9-ddb5-4fa4-a97d-d965ccfc6d4b" outcome="Passed" testListId="8c84fa94-04c1-424b-9868-57a2d4851a1d" relativeResultsDirectory="0e4c40de-c8b6-4cf0-96af-e10c4a3d1bd9" />
    <UnitTestResult executionId="495f25cc-dcf1-4113-97b6-964281a264c6" testId="1adafd00-443c-b998-45fa-a92c8273e01b" testName="Cannot subscribe to the same plan twice" computerName="LAPTOP-FNR127FP" duration="00:00:00.0016051" startTime="2025-07-17T22:29:49.3589090+05:30" endTime="2025-07-17T22:29:49.3589094+05:30" testType="13cdc9d9-ddb5-4fa4-a97d-d965ccfc6d4b" outcome="Passed" testListId="8c84fa94-04c1-424b-9868-57a2d4851a1d" relativeResultsDirectory="495f25cc-dcf1-4113-97b6-964281a264c6" />
    <UnitTestResult executionId="a4e51896-1004-426e-aacd-280fc4b43f6b" testId="f09ec95e-3264-85af-f127-0c61d92dbc4a" testName="Cannot cancel already cancelled subscription" computerName="LAPTOP-FNR127FP" duration="00:00:00.0046153" startTime="2025-07-17T22:29:49.3224038+05:30" endTime="2025-07-17T22:29:49.3224045+05:30" testType="13cdc9d9-ddb5-4fa4-a97d-d965ccfc6d4b" outcome="Passed" testListId="8c84fa94-04c1-424b-9868-57a2d4851a1d" relativeResultsDirectory="a4e51896-1004-426e-aacd-280fc4b43f6b" />
    <UnitTestResult executionId="a2ca2c68-5795-4e31-84e8-f713a74bd367" testId="606c612b-6d1f-032e-5422-61485a0fd127" testName="Cannot subscribe to an inactive plan" computerName="LAPTOP-FNR127FP" duration="00:00:00.0040869" startTime="2025-07-17T22:29:49.3663653+05:30" endTime="2025-07-17T22:29:49.3663658+05:30" testType="13cdc9d9-ddb5-4fa4-a97d-d965ccfc6d4b" outcome="Passed" testListId="8c84fa94-04c1-424b-9868-57a2d4851a1d" relativeResultsDirectory="a2ca2c68-5795-4e31-84e8-f713a74bd367" />
    <UnitTestResult executionId="37a79bef-4e4a-42b0-8639-37dae3ad3c8b" testId="ab863e1d-a9db-b67c-8cf2-5f126ef4cb7a" testName="CreateCustomerAsync throws on invalid input" computerName="LAPTOP-FNR127FP" duration="00:00:00.0077917" startTime="2025-07-17T22:29:49.2756161+05:30" endTime="2025-07-17T22:29:49.2756162+05:30" testType="13cdc9d9-ddb5-4fa4-a97d-d965ccfc6d4b" outcome="Passed" testListId="8c84fa94-04c1-424b-9868-57a2d4851a1d" relativeResultsDirectory="37a79bef-4e4a-42b0-8639-37dae3ad3c8b" />
    <UnitTestResult executionId="ac18bb04-8972-47a4-9040-feaa3b7037ff" testId="0f987b68-079f-6c2c-4fb1-35b2095a599a" testName="User can view their billing history" computerName="LAPTOP-FNR127FP" duration="00:00:00.0063701" startTime="2025-07-17T22:29:49.3361399+05:30" endTime="2025-07-17T22:29:49.3361404+05:30" testType="13cdc9d9-ddb5-4fa4-a97d-d965ccfc6d4b" outcome="Passed" testListId="8c84fa94-04c1-424b-9868-57a2d4851a1d" relativeResultsDirectory="ac18bb04-8972-47a4-9040-feaa3b7037ff" />
    <UnitTestResult executionId="25b17650-6cd6-49b5-b485-78b0949e107e" testId="54b45d55-078c-78df-6051-2a9653d11888" testName="GetUserOneTimeConsultationsAsync returns consultations successfully" computerName="LAPTOP-FNR127FP" duration="00:00:00.0188932" startTime="2025-07-17T22:29:49.2786462+05:30" endTime="2025-07-17T22:29:49.2786463+05:30" testType="13cdc9d9-ddb5-4fa4-a97d-d965ccfc6d4b" outcome="Passed" testListId="8c84fa94-04c1-424b-9868-57a2d4851a1d" relativeResultsDirectory="25b17650-6cd6-49b5-b485-78b0949e107e" />
    <UnitTestResult executionId="58107880-8d75-4d91-bc20-51f98fb34845" testId="c5a3a12d-ba38-4197-3845-bbf0565e0edf" testName="ProcessPaymentAsync returns payment result successfully" computerName="LAPTOP-FNR127FP" duration="00:00:00.0110063" startTime="2025-07-17T22:29:49.1622571+05:30" endTime="2025-07-17T22:29:49.1622572+05:30" testType="13cdc9d9-ddb5-4fa4-a97d-d965ccfc6d4b" outcome="Passed" testListId="8c84fa94-04c1-424b-9868-57a2d4851a1d" relativeResultsDirectory="58107880-8d75-4d91-bc20-51f98fb34845" />
    <UnitTestResult executionId="5d296940-c2df-41c3-a9f0-5ef12035afa2" testId="1d8f0f23-80c1-7db8-1169-54d631000774" testName="CompleteConsultationAsync throws NotImplementedException" computerName="LAPTOP-FNR127FP" duration="00:00:00.0009247" startTime="2025-07-17T22:29:49.2784678+05:30" endTime="2025-07-17T22:29:49.2784679+05:30" testType="13cdc9d9-ddb5-4fa4-a97d-d965ccfc6d4b" outcome="Passed" testListId="8c84fa94-04c1-424b-9868-57a2d4851a1d" relativeResultsDirectory="5d296940-c2df-41c3-a9f0-5ef12035afa2" />
  </Results>
  <TestDefinitions>
    <UnitTest name="User can pause and resume their subscription" storage="e:\.net projects\telehealthwithsubscriptionmodel\src\smarttelehealth.tests\bin\debug\net8.0\smarttelehealth.tests.dll" id="037defa5-8053-ebc1-7561-75084b1c0ffc">
      <Execution id="dc5c0ad4-8be3-48de-bccf-8deb84e71667" />
      <TestMethod codeBase="E:\.Net Projects\TeleHealthWithSubscriptionModel\src\SmartTelehealth.Tests\bin\Debug\net8.0\SmartTelehealth.Tests.dll" adapterTypeName="executor://xunit/VsTestRunner2/netcoreapp" className="SmartTelehealth.Tests.Integration.SubscriptionManagementEndToEndTests" name="User_Can_Pause_And_Resume_Subscription" />
    </UnitTest>
    <UnitTest name="CreateCustomerAsync returns customer ID successfully" storage="e:\.net projects\telehealthwithsubscriptionmodel\src\smarttelehealth.tests\bin\debug\net8.0\smarttelehealth.tests.dll" id="51ab31d0-67f2-0b81-9295-e7fe742b13bc">
      <Execution id="0e4c40de-c8b6-4cf0-96af-e10c4a3d1bd9" />
      <TestMethod codeBase="E:\.Net Projects\TeleHealthWithSubscriptionModel\src\SmartTelehealth.Tests\bin\Debug\net8.0\SmartTelehealth.Tests.dll" adapterTypeName="executor://xunit/VsTestRunner2/netcoreapp" className="SmartTelehealth.Tests.Services.PaymentServiceTests" name="CreateCustomerAsync_Success" />
    </UnitTest>
    <UnitTest name="CreatePaymentMethodAsync returns payment method ID successfully" storage="e:\.net projects\telehealthwithsubscriptionmodel\src\smarttelehealth.tests\bin\debug\net8.0\smarttelehealth.tests.dll" id="dc956e10-1c48-51da-6aa0-be74b7be3ebf">
      <Execution id="c70d60d6-189f-4232-9e7f-1f564379cf3f" />
      <TestMethod codeBase="E:\.Net Projects\TeleHealthWithSubscriptionModel\src\SmartTelehealth.Tests\bin\Debug\net8.0\SmartTelehealth.Tests.dll" adapterTypeName="executor://xunit/VsTestRunner2/netcoreapp" className="SmartTelehealth.Tests.Services.PaymentServiceTests" name="CreatePaymentMethodAsync_Success" />
    </UnitTest>
    <UnitTest name="Can enforce usage limits and block overuse" storage="e:\.net projects\telehealthwithsubscriptionmodel\src\smarttelehealth.tests\bin\debug\net8.0\smarttelehealth.tests.dll" id="436cb11c-41ba-7262-79bb-022ec956c8fe">
      <Execution id="528a00e0-e4a8-42d9-aada-3e40e4b1435d" />
      <TestMethod codeBase="E:\.Net Projects\TeleHealthWithSubscriptionModel\src\SmartTelehealth.Tests\bin\Debug\net8.0\SmartTelehealth.Tests.dll" adapterTypeName="executor://xunit/VsTestRunner2/netcoreapp" className="SmartTelehealth.Tests.Integration.SubscriptionManagementEndToEndTests" name="Can_Enforce_Usage_Limits_And_Block_Overuse" />
    </UnitTest>
    <UnitTest name="User can get subscription by ID" storage="e:\.net projects\telehealthwithsubscriptionmodel\src\smarttelehealth.tests\bin\debug\net8.0\smarttelehealth.tests.dll" id="a74b66ba-365e-b5ca-e576-bcf987171264">
      <Execution id="31e22aa4-8c82-42d4-b8c3-c498d60ebed6" />
      <TestMethod codeBase="E:\.Net Projects\TeleHealthWithSubscriptionModel\src\SmartTelehealth.Tests\bin\Debug\net8.0\SmartTelehealth.Tests.dll" adapterTypeName="executor://xunit/VsTestRunner2/netcoreapp" className="SmartTelehealth.Tests.Integration.SubscriptionManagementEndToEndTests" name="User_Can_Get_Subscription_By_Id" />
    </UnitTest>
    <UnitTest name="Webhook payment failure event is handled gracefully" storage="e:\.net projects\telehealthwithsubscriptionmodel\src\smarttelehealth.tests\bin\debug\net8.0\smarttelehealth.tests.dll" id="8f7d1f05-821d-32d3-a73e-b2a10c39e885">
      <Execution id="07e29172-3a04-4551-b3bb-36332b823506" />
      <TestMethod codeBase="E:\.Net Projects\TeleHealthWithSubscriptionModel\src\SmartTelehealth.Tests\bin\Debug\net8.0\SmartTelehealth.Tests.dll" adapterTypeName="executor://xunit/VsTestRunner2/netcoreapp" className="SmartTelehealth.Tests.Integration.SubscriptionManagementEndToEndTests" name="Webhook_Payment_Failure_Handled_Gracefully" />
    </UnitTest>
    <UnitTest name="User can cancel their subscription" storage="e:\.net projects\telehealthwithsubscriptionmodel\src\smarttelehealth.tests\bin\debug\net8.0\smarttelehealth.tests.dll" id="157d8b60-a00e-4c66-3fcd-79fe4a7834cc">
      <Execution id="d6dbf7ff-e24b-47b2-851b-53bd5e68d4cf" />
      <TestMethod codeBase="E:\.Net Projects\TeleHealthWithSubscriptionModel\src\SmartTelehealth.Tests\bin\Debug\net8.0\SmartTelehealth.Tests.dll" adapterTypeName="executor://xunit/VsTestRunner2/netcoreapp" className="SmartTelehealth.Tests.Integration.SubscriptionManagementEndToEndTests" name="User_Can_Cancel_Their_Subscription" />
    </UnitTest>
    <UnitTest name="User can subscribe to a plan" storage="e:\.net projects\telehealthwithsubscriptionmodel\src\smarttelehealth.tests\bin\debug\net8.0\smarttelehealth.tests.dll" id="8b3cdf2d-30dc-62bd-5ac5-7ccf63f62287">
      <Execution id="4e349472-3938-436c-9058-9bfcef9bb6c7" />
      <TestMethod codeBase="E:\.Net Projects\TeleHealthWithSubscriptionModel\src\SmartTelehealth.Tests\bin\Debug\net8.0\SmartTelehealth.Tests.dll" adapterTypeName="executor://xunit/VsTestRunner2/netcoreapp" className="SmartTelehealth.Tests.Integration.SubscriptionManagementEndToEndTests" name="User_Can_Subscribe_To_A_Plan" />
    </UnitTest>
    <UnitTest name="ProcessPaymentAsync returns payment result successfully" storage="e:\.net projects\telehealthwithsubscriptionmodel\src\smarttelehealth.tests\bin\debug\net8.0\smarttelehealth.tests.dll" id="c5a3a12d-ba38-4197-3845-bbf0565e0edf">
      <Execution id="58107880-8d75-4d91-bc20-51f98fb34845" />
      <TestMethod codeBase="E:\.Net Projects\TeleHealthWithSubscriptionModel\src\SmartTelehealth.Tests\bin\Debug\net8.0\SmartTelehealth.Tests.dll" adapterTypeName="executor://xunit/VsTestRunner2/netcoreapp" className="SmartTelehealth.Tests.Services.PaymentServiceTests" name="ProcessPaymentAsync_Success" />
    </UnitTest>
    <UnitTest name="User can get their subscriptions" storage="e:\.net projects\telehealthwithsubscriptionmodel\src\smarttelehealth.tests\bin\debug\net8.0\smarttelehealth.tests.dll" id="0abf5154-43a2-73e2-ff74-d59ffc0c5daa">
      <Execution id="9ca64056-ac70-4d27-8648-f07f47180274" />
      <TestMethod codeBase="E:\.Net Projects\TeleHealthWithSubscriptionModel\src\SmartTelehealth.Tests\bin\Debug\net8.0\SmartTelehealth.Tests.dll" adapterTypeName="executor://xunit/VsTestRunner2/netcoreapp" className="SmartTelehealth.Tests.Integration.SubscriptionManagementEndToEndTests" name="User_Can_Get_Their_Subscriptions" />
    </UnitTest>
    <UnitTest name="Admin can view all subscriptions" storage="e:\.net projects\telehealthwithsubscriptionmodel\src\smarttelehealth.tests\bin\debug\net8.0\smarttelehealth.tests.dll" id="0cd27912-957c-55af-c5ce-43912861512f">
      <Execution id="46a09c85-cf77-486f-8330-6318a7111e54" />
      <TestMethod codeBase="E:\.Net Projects\TeleHealthWithSubscriptionModel\src\SmartTelehealth.Tests\bin\Debug\net8.0\SmartTelehealth.Tests.dll" adapterTypeName="executor://xunit/VsTestRunner2/netcoreapp" className="SmartTelehealth.Tests.Integration.SubscriptionManagementEndToEndTests" name="Admin_Can_View_All_Subscriptions" />
    </UnitTest>
    <UnitTest name="CreatePaymentMethodAsync throws on invalid input" storage="e:\.net projects\telehealthwithsubscriptionmodel\src\smarttelehealth.tests\bin\debug\net8.0\smarttelehealth.tests.dll" id="7270d5b4-a86a-8a1d-fa11-7e52126b2f37">
      <Execution id="9671b6b2-b6fc-4033-acfb-e52667d2e9d7" />
      <TestMethod codeBase="E:\.Net Projects\TeleHealthWithSubscriptionModel\src\SmartTelehealth.Tests\bin\Debug\net8.0\SmartTelehealth.Tests.dll" adapterTypeName="executor://xunit/VsTestRunner2/netcoreapp" className="SmartTelehealth.Tests.Services.PaymentServiceTests" name="CreatePaymentMethodAsync_InvalidInput_Throws" />
    </UnitTest>
    <UnitTest name="CompleteConsultationAsync throws NotImplementedException" storage="e:\.net projects\telehealthwithsubscriptionmodel\src\smarttelehealth.tests\bin\debug\net8.0\smarttelehealth.tests.dll" id="1d8f0f23-80c1-7db8-1169-54d631000774">
      <Execution id="5d296940-c2df-41c3-a9f0-5ef12035afa2" />
      <TestMethod codeBase="E:\.Net Projects\TeleHealthWithSubscriptionModel\src\SmartTelehealth.Tests\bin\Debug\net8.0\SmartTelehealth.Tests.dll" adapterTypeName="executor://xunit/VsTestRunner2/netcoreapp" className="SmartTelehealth.Tests.Services.ConsultationServiceTests" name="CompleteConsultationAsync_NotImplemented" />
    </UnitTest>
    <UnitTest name="User can view all active plans" storage="e:\.net projects\telehealthwithsubscriptionmodel\src\smarttelehealth.tests\bin\debug\net8.0\smarttelehealth.tests.dll" id="8fb7a0ee-30a6-caeb-bf9a-aa91ba27aadd">
      <Execution id="3b599436-e2f9-4567-86c3-a45186cda4fd" />
      <TestMethod codeBase="E:\.Net Projects\TeleHealthWithSubscriptionModel\src\SmartTelehealth.Tests\bin\Debug\net8.0\SmartTelehealth.Tests.dll" adapterTypeName="executor://xunit/VsTestRunner2/netcoreapp" className="SmartTelehealth.Tests.Integration.SubscriptionManagementEndToEndTests" name="User_Can_View_All_Active_Plans" />
    </UnitTest>
    <UnitTest name="Cannot upgrade to the same plan" storage="e:\.net projects\telehealthwithsubscriptionmodel\src\smarttelehealth.tests\bin\debug\net8.0\smarttelehealth.tests.dll" id="156e7562-7c42-3679-df04-524e0a5b78d8">
      <Execution id="3500c625-fc29-48b7-bb2c-302b38aa701f" />
      <TestMethod codeBase="E:\.Net Projects\TeleHealthWithSubscriptionModel\src\SmartTelehealth.Tests\bin\Debug\net8.0\SmartTelehealth.Tests.dll" adapterTypeName="executor://xunit/VsTestRunner2/netcoreapp" className="SmartTelehealth.Tests.Integration.SubscriptionManagementEndToEndTests" name="Cannot_Upgrade_To_Same_Plan" />
    </UnitTest>
    <UnitTest name="GetUserOneTimeConsultationsAsync returns error on exception" storage="e:\.net projects\telehealthwithsubscriptionmodel\src\smarttelehealth.tests\bin\debug\net8.0\smarttelehealth.tests.dll" id="95a97f9e-7b9d-d41e-bf02-53922bbcdaea">
      <Execution id="e0953f8f-10c8-48a5-92ba-fb1a6a85688a" />
      <TestMethod codeBase="E:\.Net Projects\TeleHealthWithSubscriptionModel\src\SmartTelehealth.Tests\bin\Debug\net8.0\SmartTelehealth.Tests.dll" adapterTypeName="executor://xunit/VsTestRunner2/netcoreapp" className="SmartTelehealth.Tests.Services.ConsultationServiceTests" name="GetUserOneTimeConsultationsAsync_Exception_ReturnsError" />
    </UnitTest>
    <UnitTest name="CancelConsultationAsync throws NotImplementedException" storage="e:\.net projects\telehealthwithsubscriptionmodel\src\smarttelehealth.tests\bin\debug\net8.0\smarttelehealth.tests.dll" id="45ab5d63-27b5-366e-2595-de113b8609f6">
      <Execution id="9e6fdac8-0721-469b-b07c-0548e13b5a47" />
      <TestMethod codeBase="E:\.Net Projects\TeleHealthWithSubscriptionModel\src\SmartTelehealth.Tests\bin\Debug\net8.0\SmartTelehealth.Tests.dll" adapterTypeName="executor://xunit/VsTestRunner2/netcoreapp" className="SmartTelehealth.Tests.Services.ConsultationServiceTests" name="CancelConsultationAsync_NotImplemented" />
    </UnitTest>
    <UnitTest name="User can get plan by ID" storage="e:\.net projects\telehealthwithsubscriptionmodel\src\smarttelehealth.tests\bin\debug\net8.0\smarttelehealth.tests.dll" id="9027c7a4-9b44-0727-7417-e3e78abcf917">
      <Execution id="89535099-4b46-4c28-91f9-4fe54e0f913b" />
      <TestMethod codeBase="E:\.Net Projects\TeleHealthWithSubscriptionModel\src\SmartTelehealth.Tests\bin\Debug\net8.0\SmartTelehealth.Tests.dll" adapterTypeName="executor://xunit/VsTestRunner2/netcoreapp" className="SmartTelehealth.Tests.Integration.SubscriptionManagementEndToEndTests" name="User_Can_Get_Plan_By_Id" />
    </UnitTest>
    <UnitTest name="Cannot subscribe to a nonexistent plan" storage="e:\.net projects\telehealthwithsubscriptionmodel\src\smarttelehealth.tests\bin\debug\net8.0\smarttelehealth.tests.dll" id="f58325d2-7b54-998c-4db5-aaf33bfa03d6">
      <Execution id="c9d7bc5b-f34f-4cdc-9e53-2ff139a0c0fb" />
      <TestMethod codeBase="E:\.Net Projects\TeleHealthWithSubscriptionModel\src\SmartTelehealth.Tests\bin\Debug\net8.0\SmartTelehealth.Tests.dll" adapterTypeName="executor://xunit/VsTestRunner2/netcoreapp" className="SmartTelehealth.Tests.Integration.SubscriptionManagementEndToEndTests" name="Cannot_Subscribe_To_Nonexistent_Plan" />
    </UnitTest>
    <UnitTest name="StartConsultationAsync throws NotImplementedException" storage="e:\.net projects\telehealthwithsubscriptionmodel\src\smarttelehealth.tests\bin\debug\net8.0\smarttelehealth.tests.dll" id="d0b4c581-dfe1-e2a6-2333-f12c069f1147">
      <Execution id="8b0cfbcf-ec2d-4f73-ab63-3baf60c3756e" />
      <TestMethod codeBase="E:\.Net Projects\TeleHealthWithSubscriptionModel\src\SmartTelehealth.Tests\bin\Debug\net8.0\SmartTelehealth.Tests.dll" adapterTypeName="executor://xunit/VsTestRunner2/netcoreapp" className="SmartTelehealth.Tests.Services.ConsultationServiceTests" name="StartConsultationAsync_NotImplemented" />
    </UnitTest>
    <UnitTest name="User can add a payment method" storage="e:\.net projects\telehealthwithsubscriptionmodel\src\smarttelehealth.tests\bin\debug\net8.0\smarttelehealth.tests.dll" id="82065872-8909-8f1a-c75a-87f537efb5b3">
      <Execution id="33c990ca-10ad-40b7-a14e-bdab4d98336f" />
      <TestMethod codeBase="E:\.Net Projects\TeleHealthWithSubscriptionModel\src\SmartTelehealth.Tests\bin\Debug\net8.0\SmartTelehealth.Tests.dll" adapterTypeName="executor://xunit/VsTestRunner2/netcoreapp" className="SmartTelehealth.Tests.Integration.SubscriptionManagementEndToEndTests" name="User_Can_Add_Payment_Method" />
    </UnitTest>
    <UnitTest name="GetConsultationByIdAsync throws NotImplementedException" storage="e:\.net projects\telehealthwithsubscriptionmodel\src\smarttelehealth.tests\bin\debug\net8.0\smarttelehealth.tests.dll" id="d789586b-b221-eb51-5345-c3cad03a1746">
      <Execution id="06f46bc0-dbf8-40ec-b370-971fff6e9069" />
      <TestMethod codeBase="E:\.Net Projects\TeleHealthWithSubscriptionModel\src\SmartTelehealth.Tests\bin\Debug\net8.0\SmartTelehealth.Tests.dll" adapterTypeName="executor://xunit/VsTestRunner2/netcoreapp" className="SmartTelehealth.Tests.Services.ConsultationServiceTests" name="GetConsultationByIdAsync_NotImplemented" />
    </UnitTest>
    <UnitTest name="Admin can create a new subscription plan" storage="e:\.net projects\telehealthwithsubscriptionmodel\src\smarttelehealth.tests\bin\debug\net8.0\smarttelehealth.tests.dll" id="a59cfa31-8f01-7397-7ed3-97901dccb0a8">
      <Execution id="f70df865-bc8a-4b27-a169-23baddc5260d" />
      <TestMethod codeBase="E:\.Net Projects\TeleHealthWithSubscriptionModel\src\SmartTelehealth.Tests\bin\Debug\net8.0\SmartTelehealth.Tests.dll" adapterTypeName="executor://xunit/VsTestRunner2/netcoreapp" className="SmartTelehealth.Tests.Integration.SubscriptionManagementEndToEndTests" name="Admin_Can_Create_New_Subscription_Plan" />
    </UnitTest>
    <UnitTest name="CreateConsultationAsync throws NotImplementedException" storage="e:\.net projects\telehealthwithsubscriptionmodel\src\smarttelehealth.tests\bin\debug\net8.0\smarttelehealth.tests.dll" id="fe3dd812-c5c7-accf-1d3e-18ebd3b5411c">
      <Execution id="b19c9ebd-8c53-4308-8c83-5387483757a8" />
      <TestMethod codeBase="E:\.Net Projects\TeleHealthWithSubscriptionModel\src\SmartTelehealth.Tests\bin\Debug\net8.0\SmartTelehealth.Tests.dll" adapterTypeName="executor://xunit/VsTestRunner2/netcoreapp" className="SmartTelehealth.Tests.Services.ConsultationServiceTests" name="CreateConsultationAsync_NotImplemented" />
    </UnitTest>
    <UnitTest name="Payment failure updates subscription and notifies user" storage="e:\.net projects\telehealthwithsubscriptionmodel\src\smarttelehealth.tests\bin\debug\net8.0\smarttelehealth.tests.dll" id="982fd4b2-ece7-4654-2cb4-6c65b0214a0e">
      <Execution id="ec857b41-3c99-4fe7-9361-536c943e71d7" />
      <TestMethod codeBase="E:\.Net Projects\TeleHealthWithSubscriptionModel\src\SmartTelehealth.Tests\bin\Debug\net8.0\SmartTelehealth.Tests.dll" adapterTypeName="executor://xunit/VsTestRunner2/netcoreapp" className="SmartTelehealth.Tests.Integration.SubscriptionManagementEndToEndTests" name="Payment_Failure_Updates_Subscription_And_Notifies_User" />
    </UnitTest>
    <UnitTest name="ProcessRefundAsync returns true on success" storage="e:\.net projects\telehealthwithsubscriptionmodel\src\smarttelehealth.tests\bin\debug\net8.0\smarttelehealth.tests.dll" id="44c02df3-ff93-856a-6848-5bf9699f365c">
      <Execution id="bd1e774f-fd22-41e7-a365-1fac160a7803" />
      <TestMethod codeBase="E:\.Net Projects\TeleHealthWithSubscriptionModel\src\SmartTelehealth.Tests\bin\Debug\net8.0\SmartTelehealth.Tests.dll" adapterTypeName="executor://xunit/VsTestRunner2/netcoreapp" className="SmartTelehealth.Tests.Services.PaymentServiceTests" name="ProcessRefundAsync_Success" />
    </UnitTest>
    <UnitTest name="User can view their payment methods" storage="e:\.net projects\telehealthwithsubscriptionmodel\src\smarttelehealth.tests\bin\debug\net8.0\smarttelehealth.tests.dll" id="73b593e9-47a3-ba0d-1f67-570ae412f038">
      <Execution id="21ec82cc-12d8-4ee2-8531-89ebe00f93cf" />
      <TestMethod codeBase="E:\.Net Projects\TeleHealthWithSubscriptionModel\src\SmartTelehealth.Tests\bin\Debug\net8.0\SmartTelehealth.Tests.dll" adapterTypeName="executor://xunit/VsTestRunner2/netcoreapp" className="SmartTelehealth.Tests.Integration.SubscriptionManagementEndToEndTests" name="User_Can_View_Payment_Methods" />
    </UnitTest>
    <UnitTest name="CreateCustomerAsync throws on invalid input" storage="e:\.net projects\telehealthwithsubscriptionmodel\src\smarttelehealth.tests\bin\debug\net8.0\smarttelehealth.tests.dll" id="ab863e1d-a9db-b67c-8cf2-5f126ef4cb7a">
      <Execution id="37a79bef-4e4a-42b0-8639-37dae3ad3c8b" />
      <TestMethod codeBase="E:\.Net Projects\TeleHealthWithSubscriptionModel\src\SmartTelehealth.Tests\bin\Debug\net8.0\SmartTelehealth.Tests.dll" adapterTypeName="executor://xunit/VsTestRunner2/netcoreapp" className="SmartTelehealth.Tests.Services.PaymentServiceTests" name="CreateCustomerAsync_InvalidInput_Throws" />
    </UnitTest>
    <UnitTest name="UpdateConsultationAsync throws NotImplementedException" storage="e:\.net projects\telehealthwithsubscriptionmodel\src\smarttelehealth.tests\bin\debug\net8.0\smarttelehealth.tests.dll" id="ef7be729-2889-04cf-3600-7dbc45c7c7b9">
      <Execution id="3171359a-d2b3-4bea-af2d-7c98ce488a94" />
      <TestMethod codeBase="E:\.Net Projects\TeleHealthWithSubscriptionModel\src\SmartTelehealth.Tests\bin\Debug\net8.0\SmartTelehealth.Tests.dll" adapterTypeName="executor://xunit/VsTestRunner2/netcoreapp" className="SmartTelehealth.Tests.Services.ConsultationServiceTests" name="UpdateConsultationAsync_NotImplemented" />
    </UnitTest>
    <UnitTest name="Cannot subscribe to an inactive plan" storage="e:\.net projects\telehealthwithsubscriptionmodel\src\smarttelehealth.tests\bin\debug\net8.0\smarttelehealth.tests.dll" id="606c612b-6d1f-032e-5422-61485a0fd127">
      <Execution id="a2ca2c68-5795-4e31-84e8-f713a74bd367" />
      <TestMethod codeBase="E:\.Net Projects\TeleHealthWithSubscriptionModel\src\SmartTelehealth.Tests\bin\Debug\net8.0\SmartTelehealth.Tests.dll" adapterTypeName="executor://xunit/VsTestRunner2/netcoreapp" className="SmartTelehealth.Tests.Integration.SubscriptionManagementEndToEndTests" name="Cannot_Subscribe_To_Inactive_Plan" />
    </UnitTest>
    <UnitTest name="Cannot pause already paused subscription" storage="e:\.net projects\telehealthwithsubscriptionmodel\src\smarttelehealth.tests\bin\debug\net8.0\smarttelehealth.tests.dll" id="a70d3407-8e83-6caf-dd99-a402028e3101">
      <Execution id="b6e89407-81bb-4b41-a447-f417f6cac241" />
      <TestMethod codeBase="E:\.Net Projects\TeleHealthWithSubscriptionModel\src\SmartTelehealth.Tests\bin\Debug\net8.0\SmartTelehealth.Tests.dll" adapterTypeName="executor://xunit/VsTestRunner2/netcoreapp" className="SmartTelehealth.Tests.Integration.SubscriptionManagementEndToEndTests" name="Cannot_Pause_Already_Paused_Subscription" />
    </UnitTest>
    <UnitTest name="GetUserOneTimeConsultationsAsync returns consultations successfully" storage="e:\.net projects\telehealthwithsubscriptionmodel\src\smarttelehealth.tests\bin\debug\net8.0\smarttelehealth.tests.dll" id="54b45d55-078c-78df-6051-2a9653d11888">
      <Execution id="25b17650-6cd6-49b5-b485-78b0949e107e" />
      <TestMethod codeBase="E:\.Net Projects\TeleHealthWithSubscriptionModel\src\SmartTelehealth.Tests\bin\Debug\net8.0\SmartTelehealth.Tests.dll" adapterTypeName="executor://xunit/VsTestRunner2/netcoreapp" className="SmartTelehealth.Tests.Services.ConsultationServiceTests" name="GetUserOneTimeConsultationsAsync_Success" />
    </UnitTest>
    <UnitTest name="Cannot resume non-paused subscription" storage="e:\.net projects\telehealthwithsubscriptionmodel\src\smarttelehealth.tests\bin\debug\net8.0\smarttelehealth.tests.dll" id="dc70870c-efd7-024b-927c-eb13eb5f718c">
      <Execution id="f8ebda2d-aee3-4129-8385-a58f008e8a83" />
      <TestMethod codeBase="E:\.Net Projects\TeleHealthWithSubscriptionModel\src\SmartTelehealth.Tests\bin\Debug\net8.0\SmartTelehealth.Tests.dll" adapterTypeName="executor://xunit/VsTestRunner2/netcoreapp" className="SmartTelehealth.Tests.Integration.SubscriptionManagementEndToEndTests" name="Cannot_Resume_NonPaused_Subscription" />
    </UnitTest>
    <UnitTest name="Cannot cancel already cancelled subscription" storage="e:\.net projects\telehealthwithsubscriptionmodel\src\smarttelehealth.tests\bin\debug\net8.0\smarttelehealth.tests.dll" id="f09ec95e-3264-85af-f127-0c61d92dbc4a">
      <Execution id="a4e51896-1004-426e-aacd-280fc4b43f6b" />
      <TestMethod codeBase="E:\.Net Projects\TeleHealthWithSubscriptionModel\src\SmartTelehealth.Tests\bin\Debug\net8.0\SmartTelehealth.Tests.dll" adapterTypeName="executor://xunit/VsTestRunner2/netcoreapp" className="SmartTelehealth.Tests.Integration.SubscriptionManagementEndToEndTests" name="Cannot_Cancel_Already_Cancelled_Subscription" />
    </UnitTest>
    <UnitTest name="User can view their billing history" storage="e:\.net projects\telehealthwithsubscriptionmodel\src\smarttelehealth.tests\bin\debug\net8.0\smarttelehealth.tests.dll" id="0f987b68-079f-6c2c-4fb1-35b2095a599a">
      <Execution id="ac18bb04-8972-47a4-9040-feaa3b7037ff" />
      <TestMethod codeBase="E:\.Net Projects\TeleHealthWithSubscriptionModel\src\SmartTelehealth.Tests\bin\Debug\net8.0\SmartTelehealth.Tests.dll" adapterTypeName="executor://xunit/VsTestRunner2/netcoreapp" className="SmartTelehealth.Tests.Integration.SubscriptionManagementEndToEndTests" name="User_Can_View_Billing_History" />
    </UnitTest>
    <UnitTest name="ProcessPaymentAsync throws on Stripe error" storage="e:\.net projects\telehealthwithsubscriptionmodel\src\smarttelehealth.tests\bin\debug\net8.0\smarttelehealth.tests.dll" id="efc662a1-2cc4-c5fb-e4fb-294d2b439277">
      <Execution id="0d798a83-07b6-463a-aa42-10df0f9ef7b8" />
      <TestMethod codeBase="E:\.Net Projects\TeleHealthWithSubscriptionModel\src\SmartTelehealth.Tests\bin\Debug\net8.0\SmartTelehealth.Tests.dll" adapterTypeName="executor://xunit/VsTestRunner2/netcoreapp" className="SmartTelehealth.Tests.Services.PaymentServiceTests" name="ProcessPaymentAsync_StripeError_Throws" />
    </UnitTest>
    <UnitTest name="ProcessRefundAsync throws on error" storage="e:\.net projects\telehealthwithsubscriptionmodel\src\smarttelehealth.tests\bin\debug\net8.0\smarttelehealth.tests.dll" id="0d6a04b6-11ee-74bb-2c2b-0e86aff92187">
      <Execution id="f3df7687-0370-48c3-8f6d-a9b269a5d856" />
      <TestMethod codeBase="E:\.Net Projects\TeleHealthWithSubscriptionModel\src\SmartTelehealth.Tests\bin\Debug\net8.0\SmartTelehealth.Tests.dll" adapterTypeName="executor://xunit/VsTestRunner2/netcoreapp" className="SmartTelehealth.Tests.Services.PaymentServiceTests" name="ProcessRefundAsync_Error_Throws" />
    </UnitTest>
    <UnitTest name="Analytics returns correct subscription stats" storage="e:\.net projects\telehealthwithsubscriptionmodel\src\smarttelehealth.tests\bin\debug\net8.0\smarttelehealth.tests.dll" id="7c66ee20-43f5-1cbf-c002-ad29dfa5e8b5">
      <Execution id="f971ffc7-13d5-4131-8784-c1dc74a11453" />
      <TestMethod codeBase="E:\.Net Projects\TeleHealthWithSubscriptionModel\src\SmartTelehealth.Tests\bin\Debug\net8.0\SmartTelehealth.Tests.dll" adapterTypeName="executor://xunit/VsTestRunner2/netcoreapp" className="SmartTelehealth.Tests.Integration.SubscriptionManagementEndToEndTests" name="Analytics_Returns_Correct_Stats" />
    </UnitTest>
    <UnitTest name="DeleteConsultationAsync throws NotImplementedException" storage="e:\.net projects\telehealthwithsubscriptionmodel\src\smarttelehealth.tests\bin\debug\net8.0\smarttelehealth.tests.dll" id="e2078127-ea68-f430-b358-b00ca9e24d27">
      <Execution id="290c9b80-9c24-4c0f-b11c-6766489ee607" />
      <TestMethod codeBase="E:\.Net Projects\TeleHealthWithSubscriptionModel\src\SmartTelehealth.Tests\bin\Debug\net8.0\SmartTelehealth.Tests.dll" adapterTypeName="executor://xunit/VsTestRunner2/netcoreapp" className="SmartTelehealth.Tests.Services.ConsultationServiceTests" name="DeleteConsultationAsync_NotImplemented" />
    </UnitTest>
    <UnitTest name="User can upgrade their subscription plan" storage="e:\.net projects\telehealthwithsubscriptionmodel\src\smarttelehealth.tests\bin\debug\net8.0\smarttelehealth.tests.dll" id="ec179e2b-ea35-84f6-3013-80aacc88eeb7">
      <Execution id="2f2c5340-ddec-4c76-88b7-202c1df3870e" />
      <TestMethod codeBase="E:\.Net Projects\TeleHealthWithSubscriptionModel\src\SmartTelehealth.Tests\bin\Debug\net8.0\SmartTelehealth.Tests.dll" adapterTypeName="executor://xunit/VsTestRunner2/netcoreapp" className="SmartTelehealth.Tests.Integration.SubscriptionManagementEndToEndTests" name="User_Can_Upgrade_Subscription" />
    </UnitTest>
    <UnitTest name="Cannot subscribe to the same plan twice" storage="e:\.net projects\telehealthwithsubscriptionmodel\src\smarttelehealth.tests\bin\debug\net8.0\smarttelehealth.tests.dll" id="1adafd00-443c-b998-45fa-a92c8273e01b">
      <Execution id="495f25cc-dcf1-4113-97b6-964281a264c6" />
      <TestMethod codeBase="E:\.Net Projects\TeleHealthWithSubscriptionModel\src\SmartTelehealth.Tests\bin\Debug\net8.0\SmartTelehealth.Tests.dll" adapterTypeName="executor://xunit/VsTestRunner2/netcoreapp" className="SmartTelehealth.Tests.Integration.SubscriptionManagementEndToEndTests" name="Cannot_Subscribe_To_Same_Plan_Twice" />
    </UnitTest>
    <UnitTest name="User can reactivate their subscription" storage="e:\.net projects\telehealthwithsubscriptionmodel\src\smarttelehealth.tests\bin\debug\net8.0\smarttelehealth.tests.dll" id="0b11c20e-a558-a55d-a16b-c4d251228829">
      <Execution id="e247b985-4341-4aed-ad64-ee9b2ce11440" />
      <TestMethod codeBase="E:\.Net Projects\TeleHealthWithSubscriptionModel\src\SmartTelehealth.Tests\bin\Debug\net8.0\SmartTelehealth.Tests.dll" adapterTypeName="executor://xunit/VsTestRunner2/netcoreapp" className="SmartTelehealth.Tests.Integration.SubscriptionManagementEndToEndTests" name="User_Can_Reactivate_Subscription" />
    </UnitTest>
    <UnitTest name="Admin can deactivate plan and pause all subscribers" storage="e:\.net projects\telehealthwithsubscriptionmodel\src\smarttelehealth.tests\bin\debug\net8.0\smarttelehealth.tests.dll" id="a8e6a116-34aa-1248-72fd-840ba80420c4">
      <Execution id="3bd32c39-2e01-4b10-a7e7-7091e0528cdf" />
      <TestMethod codeBase="E:\.Net Projects\TeleHealthWithSubscriptionModel\src\SmartTelehealth.Tests\bin\Debug\net8.0\SmartTelehealth.Tests.dll" adapterTypeName="executor://xunit/VsTestRunner2/netcoreapp" className="SmartTelehealth.Tests.Integration.SubscriptionManagementEndToEndTests" name="Admin_Can_Deactivate_Plan_And_Pause_Subscribers" />
    </UnitTest>
  </TestDefinitions>
  <TestEntries>
    <TestEntry testId="0b11c20e-a558-a55d-a16b-c4d251228829" executionId="e247b985-4341-4aed-ad64-ee9b2ce11440" testListId="8c84fa94-04c1-424b-9868-57a2d4851a1d" />
    <TestEntry testId="d789586b-b221-eb51-5345-c3cad03a1746" executionId="06f46bc0-dbf8-40ec-b370-971fff6e9069" testListId="8c84fa94-04c1-424b-9868-57a2d4851a1d" />
    <TestEntry testId="f58325d2-7b54-998c-4db5-aaf33bfa03d6" executionId="c9d7bc5b-f34f-4cdc-9e53-2ff139a0c0fb" testListId="8c84fa94-04c1-424b-9868-57a2d4851a1d" />
    <TestEntry testId="45ab5d63-27b5-366e-2595-de113b8609f6" executionId="9e6fdac8-0721-469b-b07c-0548e13b5a47" testListId="8c84fa94-04c1-424b-9868-57a2d4851a1d" />
    <TestEntry testId="8fb7a0ee-30a6-caeb-bf9a-aa91ba27aadd" executionId="3b599436-e2f9-4567-86c3-a45186cda4fd" testListId="8c84fa94-04c1-424b-9868-57a2d4851a1d" />
    <TestEntry testId="7270d5b4-a86a-8a1d-fa11-7e52126b2f37" executionId="9671b6b2-b6fc-4033-acfb-e52667d2e9d7" testListId="8c84fa94-04c1-424b-9868-57a2d4851a1d" />
    <TestEntry testId="ef7be729-2889-04cf-3600-7dbc45c7c7b9" executionId="3171359a-d2b3-4bea-af2d-7c98ce488a94" testListId="8c84fa94-04c1-424b-9868-57a2d4851a1d" />
    <TestEntry testId="9027c7a4-9b44-0727-7417-e3e78abcf917" executionId="89535099-4b46-4c28-91f9-4fe54e0f913b" testListId="8c84fa94-04c1-424b-9868-57a2d4851a1d" />
    <TestEntry testId="a8e6a116-34aa-1248-72fd-840ba80420c4" executionId="3bd32c39-2e01-4b10-a7e7-7091e0528cdf" testListId="8c84fa94-04c1-424b-9868-57a2d4851a1d" />
    <TestEntry testId="8f7d1f05-821d-32d3-a73e-b2a10c39e885" executionId="07e29172-3a04-4551-b3bb-36332b823506" testListId="8c84fa94-04c1-424b-9868-57a2d4851a1d" />
    <TestEntry testId="0cd27912-957c-55af-c5ce-43912861512f" executionId="46a09c85-cf77-486f-8330-6318a7111e54" testListId="8c84fa94-04c1-424b-9868-57a2d4851a1d" />
    <TestEntry testId="95a97f9e-7b9d-d41e-bf02-53922bbcdaea" executionId="e0953f8f-10c8-48a5-92ba-fb1a6a85688a" testListId="8c84fa94-04c1-424b-9868-57a2d4851a1d" />
    <TestEntry testId="0d6a04b6-11ee-74bb-2c2b-0e86aff92187" executionId="f3df7687-0370-48c3-8f6d-a9b269a5d856" testListId="8c84fa94-04c1-424b-9868-57a2d4851a1d" />
    <TestEntry testId="73b593e9-47a3-ba0d-1f67-570ae412f038" executionId="21ec82cc-12d8-4ee2-8531-89ebe00f93cf" testListId="8c84fa94-04c1-424b-9868-57a2d4851a1d" />
    <TestEntry testId="037defa5-8053-ebc1-7561-75084b1c0ffc" executionId="dc5c0ad4-8be3-48de-bccf-8deb84e71667" testListId="8c84fa94-04c1-424b-9868-57a2d4851a1d" />
    <TestEntry testId="a59cfa31-8f01-7397-7ed3-97901dccb0a8" executionId="f70df865-bc8a-4b27-a169-23baddc5260d" testListId="8c84fa94-04c1-424b-9868-57a2d4851a1d" />
    <TestEntry testId="157d8b60-a00e-4c66-3fcd-79fe4a7834cc" executionId="d6dbf7ff-e24b-47b2-851b-53bd5e68d4cf" testListId="8c84fa94-04c1-424b-9868-57a2d4851a1d" />
    <TestEntry testId="82065872-8909-8f1a-c75a-87f537efb5b3" executionId="33c990ca-10ad-40b7-a14e-bdab4d98336f" testListId="8c84fa94-04c1-424b-9868-57a2d4851a1d" />
    <TestEntry testId="156e7562-7c42-3679-df04-524e0a5b78d8" executionId="3500c625-fc29-48b7-bb2c-302b38aa701f" testListId="8c84fa94-04c1-424b-9868-57a2d4851a1d" />
    <TestEntry testId="8b3cdf2d-30dc-62bd-5ac5-7ccf63f62287" executionId="4e349472-3938-436c-9058-9bfcef9bb6c7" testListId="8c84fa94-04c1-424b-9868-57a2d4851a1d" />
    <TestEntry testId="0abf5154-43a2-73e2-ff74-d59ffc0c5daa" executionId="9ca64056-ac70-4d27-8648-f07f47180274" testListId="8c84fa94-04c1-424b-9868-57a2d4851a1d" />
    <TestEntry testId="436cb11c-41ba-7262-79bb-022ec956c8fe" executionId="528a00e0-e4a8-42d9-aada-3e40e4b1435d" testListId="8c84fa94-04c1-424b-9868-57a2d4851a1d" />
    <TestEntry testId="dc70870c-efd7-024b-927c-eb13eb5f718c" executionId="f8ebda2d-aee3-4129-8385-a58f008e8a83" testListId="8c84fa94-04c1-424b-9868-57a2d4851a1d" />
    <TestEntry testId="e2078127-ea68-f430-b358-b00ca9e24d27" executionId="290c9b80-9c24-4c0f-b11c-6766489ee607" testListId="8c84fa94-04c1-424b-9868-57a2d4851a1d" />
    <TestEntry testId="efc662a1-2cc4-c5fb-e4fb-294d2b439277" executionId="0d798a83-07b6-463a-aa42-10df0f9ef7b8" testListId="8c84fa94-04c1-424b-9868-57a2d4851a1d" />
    <TestEntry testId="ec179e2b-ea35-84f6-3013-80aacc88eeb7" executionId="2f2c5340-ddec-4c76-88b7-202c1df3870e" testListId="8c84fa94-04c1-424b-9868-57a2d4851a1d" />
    <TestEntry testId="982fd4b2-ece7-4654-2cb4-6c65b0214a0e" executionId="ec857b41-3c99-4fe7-9361-536c943e71d7" testListId="8c84fa94-04c1-424b-9868-57a2d4851a1d" />
    <TestEntry testId="dc956e10-1c48-51da-6aa0-be74b7be3ebf" executionId="c70d60d6-189f-4232-9e7f-1f564379cf3f" testListId="8c84fa94-04c1-424b-9868-57a2d4851a1d" />
    <TestEntry testId="a74b66ba-365e-b5ca-e576-bcf987171264" executionId="31e22aa4-8c82-42d4-b8c3-c498d60ebed6" testListId="8c84fa94-04c1-424b-9868-57a2d4851a1d" />
    <TestEntry testId="fe3dd812-c5c7-accf-1d3e-18ebd3b5411c" executionId="b19c9ebd-8c53-4308-8c83-5387483757a8" testListId="8c84fa94-04c1-424b-9868-57a2d4851a1d" />
    <TestEntry testId="44c02df3-ff93-856a-6848-5bf9699f365c" executionId="bd1e774f-fd22-41e7-a365-1fac160a7803" testListId="8c84fa94-04c1-424b-9868-57a2d4851a1d" />
    <TestEntry testId="d0b4c581-dfe1-e2a6-2333-f12c069f1147" executionId="8b0cfbcf-ec2d-4f73-ab63-3baf60c3756e" testListId="8c84fa94-04c1-424b-9868-57a2d4851a1d" />
    <TestEntry testId="7c66ee20-43f5-1cbf-c002-ad29dfa5e8b5" executionId="f971ffc7-13d5-4131-8784-c1dc74a11453" testListId="8c84fa94-04c1-424b-9868-57a2d4851a1d" />
    <TestEntry testId="a70d3407-8e83-6caf-dd99-a402028e3101" executionId="b6e89407-81bb-4b41-a447-f417f6cac241" testListId="8c84fa94-04c1-424b-9868-57a2d4851a1d" />
    <TestEntry testId="51ab31d0-67f2-0b81-9295-e7fe742b13bc" executionId="0e4c40de-c8b6-4cf0-96af-e10c4a3d1bd9" testListId="8c84fa94-04c1-424b-9868-57a2d4851a1d" />
    <TestEntry testId="1adafd00-443c-b998-45fa-a92c8273e01b" executionId="495f25cc-dcf1-4113-97b6-964281a264c6" testListId="8c84fa94-04c1-424b-9868-57a2d4851a1d" />
    <TestEntry testId="f09ec95e-3264-85af-f127-0c61d92dbc4a" executionId="a4e51896-1004-426e-aacd-280fc4b43f6b" testListId="8c84fa94-04c1-424b-9868-57a2d4851a1d" />
    <TestEntry testId="606c612b-6d1f-032e-5422-61485a0fd127" executionId="a2ca2c68-5795-4e31-84e8-f713a74bd367" testListId="8c84fa94-04c1-424b-9868-57a2d4851a1d" />
    <TestEntry testId="ab863e1d-a9db-b67c-8cf2-5f126ef4cb7a" executionId="37a79bef-4e4a-42b0-8639-37dae3ad3c8b" testListId="8c84fa94-04c1-424b-9868-57a2d4851a1d" />
    <TestEntry testId="0f987b68-079f-6c2c-4fb1-35b2095a599a" executionId="ac18bb04-8972-47a4-9040-feaa3b7037ff" testListId="8c84fa94-04c1-424b-9868-57a2d4851a1d" />
    <TestEntry testId="54b45d55-078c-78df-6051-2a9653d11888" executionId="25b17650-6cd6-49b5-b485-78b0949e107e" testListId="8c84fa94-04c1-424b-9868-57a2d4851a1d" />
    <TestEntry testId="c5a3a12d-ba38-4197-3845-bbf0565e0edf" executionId="58107880-8d75-4d91-bc20-51f98fb34845" testListId="8c84fa94-04c1-424b-9868-57a2d4851a1d" />
    <TestEntry testId="1d8f0f23-80c1-7db8-1169-54d631000774" executionId="5d296940-c2df-41c3-a9f0-5ef12035afa2" testListId="8c84fa94-04c1-424b-9868-57a2d4851a1d" />
  </TestEntries>
  <TestLists>
    <TestList name="Results Not in a List" id="8c84fa94-04c1-424b-9868-57a2d4851a1d" />
    <TestList name="All Loaded Results" id="19431567-8539-422a-85d7-44ee4e166bda" />
  </TestLists>
  <ResultSummary outcome="Completed">
    <Counters total="43" executed="43" passed="43" failed="0" error="0" timeout="0" aborted="0" inconclusive="0" passedButRunAborted="0" notRunnable="0" notExecuted="0" disconnected="0" warning="0" completed="0" inProgress="0" pending="0" />
    <Output>
      <StdOut>[xUnit.net 00:00:00.00] xUnit.net VSTest Adapter v2.8.2+699d445a1a (64-bit .NET 8.0.18)&#xD;
[xUnit.net 00:00:00.32]   Discovering: SmartTelehealth.Tests&#xD;
[xUnit.net 00:00:00.40]   Discovered:  SmartTelehealth.Tests&#xD;
[xUnit.net 00:00:00.40]   Starting:    SmartTelehealth.Tests&#xD;
[xUnit.net 00:00:01.09]   Finished:    SmartTelehealth.Tests&#xD;
</StdOut>
    </Output>
  </ResultSummary>
</TestRun>